[debug] [2022-07-14T19:56:02.576Z] ----------------------------------------------------------------------
[debug] [2022-07-14T19:56:02.578Z] Command:       /usr/local/bin/node /usr/local/bin/firebase deploy
[debug] [2022-07-14T19:56:02.578Z] CLI Version:   11.1.0
[debug] [2022-07-14T19:56:02.578Z] Platform:      darwin
[debug] [2022-07-14T19:56:02.578Z] Node Version:  v16.15.1
[debug] [2022-07-14T19:56:02.579Z] Time:          Thu Jul 14 2022 21:56:02 GMT+0200 (Central European Summer Time)
[debug] [2022-07-14T19:56:02.579Z] ----------------------------------------------------------------------
[debug] 
[debug] [2022-07-14T19:56:02.582Z] >>> [apiv2][query] GET https://firebase-public.firebaseio.com/cli.json [none]
[debug] [2022-07-14T19:56:02.657Z] > command requires scopes: ["email","openid","https://www.googleapis.com/auth/cloudplatformprojects.readonly","https://www.googleapis.com/auth/firebase","https://www.googleapis.com/auth/cloud-platform"]
[debug] [2022-07-14T19:56:02.658Z] > authorizing via signed-in user (michek.consulting@gmail.com)
[debug] [2022-07-14T19:56:02.658Z] [iam] checking project school-14059 for permissions ["firebase.projects.get","firebasehosting.sites.update"]
[debug] [2022-07-14T19:56:02.659Z] > refreshing access token with scopes: []
[debug] [2022-07-14T19:56:02.660Z] >>> [apiv2][query] POST https://www.googleapis.com/oauth2/v3/token [none]
[debug] [2022-07-14T19:56:02.660Z] >>> [apiv2][body] POST https://www.googleapis.com/oauth2/v3/token [omitted]
[debug] [2022-07-14T19:56:02.785Z] <<< [apiv2][status] POST https://www.googleapis.com/oauth2/v3/token 200
[debug] [2022-07-14T19:56:02.785Z] <<< [apiv2][body] POST https://www.googleapis.com/oauth2/v3/token [omitted]
[debug] [2022-07-14T19:56:02.802Z] >>> [apiv2][query] POST https://cloudresourcemanager.googleapis.com/v1/projects/school-14059:testIamPermissions [none]
[debug] [2022-07-14T19:56:02.802Z] >>> [apiv2][body] POST https://cloudresourcemanager.googleapis.com/v1/projects/school-14059:testIamPermissions {"permissions":["firebase.projects.get","firebasehosting.sites.update"]}
[debug] [2022-07-14T19:56:02.934Z] <<< [apiv2][status] GET https://firebase-public.firebaseio.com/cli.json 200
[debug] [2022-07-14T19:56:02.935Z] <<< [apiv2][body] GET https://firebase-public.firebaseio.com/cli.json {"cloudBuildErrorAfter":1594252800000,"cloudBuildWarnAfter":1590019200000,"defaultNode10After":1594252800000,"minVersion":"3.0.5","node8DeploysDisabledAfter":1613390400000,"node8RuntimeDisabledAfter":1615809600000,"node8WarnAfter":1600128000000}
[debug] [2022-07-14T19:56:03.546Z] <<< [apiv2][status] POST https://cloudresourcemanager.googleapis.com/v1/projects/school-14059:testIamPermissions 200
[debug] [2022-07-14T19:56:03.546Z] <<< [apiv2][body] POST https://cloudresourcemanager.googleapis.com/v1/projects/school-14059:testIamPermissions {"permissions":["firebase.projects.get","firebasehosting.sites.update"]}
[debug] [2022-07-14T19:56:03.548Z] >>> [apiv2][query] GET https://firebase.googleapis.com/v1beta1/projects/school-14059 [none]
[debug] [2022-07-14T19:56:03.817Z] <<< [apiv2][status] GET https://firebase.googleapis.com/v1beta1/projects/school-14059 200
[debug] [2022-07-14T19:56:03.817Z] <<< [apiv2][body] GET https://firebase.googleapis.com/v1beta1/projects/school-14059 {"projectId":"school-14059","projectNumber":"1091673177775","displayName":"School","name":"projects/school-14059","resources":{"hostingSite":"school-14059","realtimeDatabaseInstance":"school-14059-default-rtdb"},"state":"ACTIVE"}
[info] 
[info] === Deploying to 'school-14059'...
[info] 
[info] i  deploying hosting 
[debug] [2022-07-14T19:56:03.820Z] >>> [apiv2][query] GET https://firebase.googleapis.com/v1beta1/projects/school-14059 [none]
[debug] [2022-07-14T19:56:04.052Z] <<< [apiv2][status] GET https://firebase.googleapis.com/v1beta1/projects/school-14059 200
[debug] [2022-07-14T19:56:04.053Z] <<< [apiv2][body] GET https://firebase.googleapis.com/v1beta1/projects/school-14059 {"projectId":"school-14059","projectNumber":"1091673177775","displayName":"School","name":"projects/school-14059","resources":{"hostingSite":"school-14059","realtimeDatabaseInstance":"school-14059-default-rtdb"},"state":"ACTIVE"}
[debug] [2022-07-14T19:56:04.055Z] >>> [apiv2][query] POST https://firebasehosting.googleapis.com/v1beta1/projects/1091673177775/sites/school-14059/versions [none]
[debug] [2022-07-14T19:56:04.055Z] >>> [apiv2][body] POST https://firebasehosting.googleapis.com/v1beta1/projects/1091673177775/sites/school-14059/versions {"config":{"redirects":[{"glob":"/classroom1","location":"/","statusCode":301},{"glob":"/classroom2","location":"/","statusCode":301},{"glob":"/classroom1/exercise1","location":"/","statusCode":301},{"glob":"/classroom1/exercise2","location":"/","statusCode":301},{"glob":"/classroom1/exercise3","location":"/","statusCode":301},{"glob":"/classroom1/exercise4","location":"/","statusCode":301},{"glob":"/home","location":"/","statusCode":301}]},"labels":{"deployment-tool":"cli-firebase"}}
[debug] [2022-07-14T19:56:05.512Z] <<< [apiv2][status] POST https://firebasehosting.googleapis.com/v1beta1/projects/1091673177775/sites/school-14059/versions 200
[debug] [2022-07-14T19:56:05.512Z] <<< [apiv2][body] POST https://firebasehosting.googleapis.com/v1beta1/projects/1091673177775/sites/school-14059/versions {"name":"projects/1091673177775/sites/school-14059/versions/d82f458ee2d93c3f","status":"CREATED","config":{"redirects":[{"statusCode":301,"location":"/","glob":"/classroom1"},{"statusCode":301,"location":"/","glob":"/classroom2"},{"statusCode":301,"location":"/","glob":"/classroom1/exercise1"},{"statusCode":301,"location":"/","glob":"/classroom1/exercise2"},{"statusCode":301,"location":"/","glob":"/classroom1/exercise3"},{"statusCode":301,"location":"/","glob":"/classroom1/exercise4"},{"statusCode":301,"location":"/","glob":"/home"}]},"labels":{"deployment-tool":"cli-firebase"}}
[info] i  hosting[school-14059]: beginning deploy... 
[info] i  hosting[school-14059]: found 29 files in dist 
[debug] [2022-07-14T19:56:05.521Z] [hosting] uploading with 200 concurrency
[debug] [2022-07-14T19:56:06.007Z] [hosting] hash cache [ZGlzdA] stored for 29 files
[debug] [2022-07-14T19:56:06.008Z] [hosting][hash queue][FINAL] {"max":472,"min":4,"avg":51.86206896551724,"active":0,"complete":29,"success":29,"errored":0,"retried":0,"total":29,"elapsed":480}
[debug] [2022-07-14T19:56:06.008Z] >>> [apiv2][query] POST https://firebasehosting.googleapis.com/v1beta1/projects/1091673177775/sites/school-14059/versions/d82f458ee2d93c3f:populateFiles [none]
[debug] [2022-07-14T19:56:06.008Z] >>> [apiv2][body] POST https://firebasehosting.googleapis.com/v1beta1/projects/1091673177775/sites/school-14059/versions/d82f458ee2d93c3f:populateFiles {"files":{"/Butterfly.png":"9de516ad69ffb40db7c3a35bfe0859d848444dac175688985935491056b1a95a","/Dolphin.png":"8da5d4ebcc6cdebd85d1d533287138247efa0ea3bcc195310f9eafafb2592d8b","/Donkey.png":"670809f87197272909b6ecbc99db7dd742e68bd727a97717ff86fe316cdb711a","/Fireworks.gif":"0b0a38d20ed6a551ad7b1b3484917e336a4c57b3c5d2c2a44f6edbe2e77f0f55","/Hippopotamus.png":"f6ae90687ca166281eb561495b9b32252a5cf2a70e4f0eee89f2fc5068016a80","/Panda.png":"41c8639e1f778d3d84334a2deeddfa73f207b1f6d01d3f390ea60b8c194d2457","/Turtle.png":"b6a9bf41d3fefb57ea451a87cc5c3a470e45fdbcd2c159a215d5a94771880a36","/icons8-czech-republic-48.png":"efe5f228a2935a603ae81ff3999d95b0802fbf0352d5c3e6ff56b3f092b48f5c","/icons8-great-britain-48.png":"1f2d4a48eb8380dedf728ac027c43f936be5f0553e47c2d211f84bd3878ecd47","/robots.txt":"e40d3699bfe333adcd598dc9d90e688a7a3fe28f2761c244e5ef50f7c24df377","/testem.js":"b47e79f43c5e4bf0689fc2c1f6e349b021c9db315c24b523fe2339180e9a8e0a","/index.html":"278580f4b6bd257300d0824354d03700d3b0d35b797f87bc13caaa152955c804","/assets/chunk.tests.021757bcab08af6f8f3a.js":"433b0b0a27cf400d99ede208a6f63fac85be12120c7bcf410296ac437c7527af","/assets/chunk.app.c1e8d2d3038d58304ca4.js":"5bdec476ddb1f441ce5cef0c31478fcbbaa2fe76b75f5c533b15f2c80047df1d","/assets/test-support.css":"d574f6145888d310084d6ed52a22609606e377446b776c77d295b1aca9c0251e","/assets/tests.js":"b19a1eab0f37969a89148ac66209f1c234a2bd01f060b370c74ab71cc49e529b","/assets/vendor.css":"c82b6727b2db4065f7db6edffe390b86276bc4c1344a9699239b0b9000a0b641","/assets/tests.map":"71a3681ae84bbff65252778cfcf0e8d156cac651f2bb8e58e5a0e062cf87973b","/tests/index.html":"a49080385b2324a4c32e699da8690cb47985d64ee030e54ea51a0fd860449ee6","/assets/school.js":"5b564b7706dace1d952dfce72a75f634a16a6556cb6515b29fd94047cf4b10d0","/assets/school.map":"7f358bb2cd3ecf59ee16d22d64b2dd7cc759e0222667e03fc6d8d0d309157948","/assets/chunk.vendors-node_modules_fast-memoize_src_index_js-node_modules_intl-messageformat-parser_lib_ind-a41102.5dc8313c7f97312ad089.js":"657162ccfe1a4ddb9dad5cd6a499ca661d6f17fd2618370d42978a144f8e5b96","/assets/chunk.vendors-node_modules_lodash_castarray_index_js-node_modules_lodash_last_index_js-node_modules-f622ad.c83cd139536b93797d3b.js":"f9e137b909772c50b935ec708c68565e2b183afa62a27041131fcaaa79ab6fa4","/assets/test-support.map":"ebfd073d3593fa995002e1c74702b68c4fbe13602631b2aef0dcb18390f9602f","/assets/school.css.map":"8c21964bbb509e08815f718968352f476c6ff1e6657fe3e4904e4e495b2583ad","/assets/school.css":"e946d0223eaebef4bd6e7a1ffb96feda05bd5973d8914d456c7cab528cdd0ae6","/assets/test-support.js":"c222f50d9ca56403be048f00b8729ce673f09d170ba9937da1bbdb57fe3dcc5f","/assets/vendor.map":"50c067c40ff42d0f90bc837e0f1b0f13e10bbd29b0b86b9c04b6588d10c9b503","/assets/vendor.js":"c3332f35dc3b7601afb48375c16fbbfcca190f779eeaaec1be7ecfc349710c3c"}}
[debug] [2022-07-14T19:56:07.232Z] <<< [apiv2][status] POST https://firebasehosting.googleapis.com/v1beta1/projects/1091673177775/sites/school-14059/versions/d82f458ee2d93c3f:populateFiles 200
[debug] [2022-07-14T19:56:07.233Z] <<< [apiv2][body] POST https://firebasehosting.googleapis.com/v1beta1/projects/1091673177775/sites/school-14059/versions/d82f458ee2d93c3f:populateFiles {"uploadRequiredHashes":["5b564b7706dace1d952dfce72a75f634a16a6556cb6515b29fd94047cf4b10d0","ebfd073d3593fa995002e1c74702b68c4fbe13602631b2aef0dcb18390f9602f","8c21964bbb509e08815f718968352f476c6ff1e6657fe3e4904e4e495b2583ad","5bdec476ddb1f441ce5cef0c31478fcbbaa2fe76b75f5c533b15f2c80047df1d","278580f4b6bd257300d0824354d03700d3b0d35b797f87bc13caaa152955c804","a49080385b2324a4c32e699da8690cb47985d64ee030e54ea51a0fd860449ee6","433b0b0a27cf400d99ede208a6f63fac85be12120c7bcf410296ac437c7527af","50c067c40ff42d0f90bc837e0f1b0f13e10bbd29b0b86b9c04b6588d10c9b503","c222f50d9ca56403be048f00b8729ce673f09d170ba9937da1bbdb57fe3dcc5f","c3332f35dc3b7601afb48375c16fbbfcca190f779eeaaec1be7ecfc349710c3c","7f358bb2cd3ecf59ee16d22d64b2dd7cc759e0222667e03fc6d8d0d309157948"],"uploadUrl":"https://upload-firebasehosting.googleapis.com/upload/sites/school-14059/versions/d82f458ee2d93c3f/files"}
[debug] [2022-07-14T19:56:07.239Z] >>> [apiv2][query] POST https://upload-firebasehosting.googleapis.com/upload/sites/school-14059/versions/d82f458ee2d93c3f/files/5b564b7706dace1d952dfce72a75f634a16a6556cb6515b29fd94047cf4b10d0 [none]
[debug] [2022-07-14T19:56:07.240Z] >>> [apiv2][body] POST https://upload-firebasehosting.googleapis.com/upload/sites/school-14059/versions/d82f458ee2d93c3f/files/5b564b7706dace1d952dfce72a75f634a16a6556cb6515b29fd94047cf4b10d0 [stream]
[debug] [2022-07-14T19:56:07.241Z] >>> [apiv2][query] POST https://upload-firebasehosting.googleapis.com/upload/sites/school-14059/versions/d82f458ee2d93c3f/files/ebfd073d3593fa995002e1c74702b68c4fbe13602631b2aef0dcb18390f9602f [none]
[debug] [2022-07-14T19:56:07.241Z] >>> [apiv2][body] POST https://upload-firebasehosting.googleapis.com/upload/sites/school-14059/versions/d82f458ee2d93c3f/files/ebfd073d3593fa995002e1c74702b68c4fbe13602631b2aef0dcb18390f9602f [stream]
[debug] [2022-07-14T19:56:07.242Z] >>> [apiv2][query] POST https://upload-firebasehosting.googleapis.com/upload/sites/school-14059/versions/d82f458ee2d93c3f/files/8c21964bbb509e08815f718968352f476c6ff1e6657fe3e4904e4e495b2583ad [none]
[debug] [2022-07-14T19:56:07.243Z] >>> [apiv2][body] POST https://upload-firebasehosting.googleapis.com/upload/sites/school-14059/versions/d82f458ee2d93c3f/files/8c21964bbb509e08815f718968352f476c6ff1e6657fe3e4904e4e495b2583ad [stream]
[debug] [2022-07-14T19:56:07.245Z] >>> [apiv2][query] POST https://upload-firebasehosting.googleapis.com/upload/sites/school-14059/versions/d82f458ee2d93c3f/files/5bdec476ddb1f441ce5cef0c31478fcbbaa2fe76b75f5c533b15f2c80047df1d [none]
[debug] [2022-07-14T19:56:07.245Z] >>> [apiv2][body] POST https://upload-firebasehosting.googleapis.com/upload/sites/school-14059/versions/d82f458ee2d93c3f/files/5bdec476ddb1f441ce5cef0c31478fcbbaa2fe76b75f5c533b15f2c80047df1d [stream]
[debug] [2022-07-14T19:56:07.246Z] >>> [apiv2][query] POST https://upload-firebasehosting.googleapis.com/upload/sites/school-14059/versions/d82f458ee2d93c3f/files/278580f4b6bd257300d0824354d03700d3b0d35b797f87bc13caaa152955c804 [none]
[debug] [2022-07-14T19:56:07.246Z] >>> [apiv2][body] POST https://upload-firebasehosting.googleapis.com/upload/sites/school-14059/versions/d82f458ee2d93c3f/files/278580f4b6bd257300d0824354d03700d3b0d35b797f87bc13caaa152955c804 [stream]
[debug] [2022-07-14T19:56:07.248Z] >>> [apiv2][query] POST https://upload-firebasehosting.googleapis.com/upload/sites/school-14059/versions/d82f458ee2d93c3f/files/a49080385b2324a4c32e699da8690cb47985d64ee030e54ea51a0fd860449ee6 [none]
[debug] [2022-07-14T19:56:07.248Z] >>> [apiv2][body] POST https://upload-firebasehosting.googleapis.com/upload/sites/school-14059/versions/d82f458ee2d93c3f/files/a49080385b2324a4c32e699da8690cb47985d64ee030e54ea51a0fd860449ee6 [stream]
[debug] [2022-07-14T19:56:07.249Z] >>> [apiv2][query] POST https://upload-firebasehosting.googleapis.com/upload/sites/school-14059/versions/d82f458ee2d93c3f/files/433b0b0a27cf400d99ede208a6f63fac85be12120c7bcf410296ac437c7527af [none]
[debug] [2022-07-14T19:56:07.249Z] >>> [apiv2][body] POST https://upload-firebasehosting.googleapis.com/upload/sites/school-14059/versions/d82f458ee2d93c3f/files/433b0b0a27cf400d99ede208a6f63fac85be12120c7bcf410296ac437c7527af [stream]
[debug] [2022-07-14T19:56:07.250Z] >>> [apiv2][query] POST https://upload-firebasehosting.googleapis.com/upload/sites/school-14059/versions/d82f458ee2d93c3f/files/50c067c40ff42d0f90bc837e0f1b0f13e10bbd29b0b86b9c04b6588d10c9b503 [none]
[debug] [2022-07-14T19:56:07.250Z] >>> [apiv2][body] POST https://upload-firebasehosting.googleapis.com/upload/sites/school-14059/versions/d82f458ee2d93c3f/files/50c067c40ff42d0f90bc837e0f1b0f13e10bbd29b0b86b9c04b6588d10c9b503 [stream]
[debug] [2022-07-14T19:56:07.251Z] >>> [apiv2][query] POST https://upload-firebasehosting.googleapis.com/upload/sites/school-14059/versions/d82f458ee2d93c3f/files/c222f50d9ca56403be048f00b8729ce673f09d170ba9937da1bbdb57fe3dcc5f [none]
[debug] [2022-07-14T19:56:07.251Z] >>> [apiv2][body] POST https://upload-firebasehosting.googleapis.com/upload/sites/school-14059/versions/d82f458ee2d93c3f/files/c222f50d9ca56403be048f00b8729ce673f09d170ba9937da1bbdb57fe3dcc5f [stream]
[debug] [2022-07-14T19:56:07.252Z] >>> [apiv2][query] POST https://upload-firebasehosting.googleapis.com/upload/sites/school-14059/versions/d82f458ee2d93c3f/files/c3332f35dc3b7601afb48375c16fbbfcca190f779eeaaec1be7ecfc349710c3c [none]
[debug] [2022-07-14T19:56:07.252Z] >>> [apiv2][body] POST https://upload-firebasehosting.googleapis.com/upload/sites/school-14059/versions/d82f458ee2d93c3f/files/c3332f35dc3b7601afb48375c16fbbfcca190f779eeaaec1be7ecfc349710c3c [stream]
[debug] [2022-07-14T19:56:07.253Z] >>> [apiv2][query] POST https://upload-firebasehosting.googleapis.com/upload/sites/school-14059/versions/d82f458ee2d93c3f/files/7f358bb2cd3ecf59ee16d22d64b2dd7cc759e0222667e03fc6d8d0d309157948 [none]
[debug] [2022-07-14T19:56:07.253Z] >>> [apiv2][body] POST https://upload-firebasehosting.googleapis.com/upload/sites/school-14059/versions/d82f458ee2d93c3f/files/7f358bb2cd3ecf59ee16d22d64b2dd7cc759e0222667e03fc6d8d0d309157948 [stream]
[debug] [2022-07-14T19:56:07.254Z] [hosting][populate queue][FINAL] {"max":1232,"min":1232,"avg":1232,"active":0,"complete":1,"success":1,"errored":0,"retried":0,"total":1,"elapsed":1248}
[debug] [2022-07-14T19:56:07.254Z] [hosting] uploads queued: 11
[debug] [2022-07-14T19:56:08.480Z] <<< [apiv2][status] POST https://upload-firebasehosting.googleapis.com/upload/sites/school-14059/versions/d82f458ee2d93c3f/files/8c21964bbb509e08815f718968352f476c6ff1e6657fe3e4904e4e495b2583ad 200
[debug] [2022-07-14T19:56:08.480Z] <<< [apiv2][body] POST https://upload-firebasehosting.googleapis.com/upload/sites/school-14059/versions/d82f458ee2d93c3f/files/8c21964bbb509e08815f718968352f476c6ff1e6657fe3e4904e4e495b2583ad [stream]
[debug] [2022-07-14T19:56:08.481Z] <<< [apiv2][status] POST https://upload-firebasehosting.googleapis.com/upload/sites/school-14059/versions/d82f458ee2d93c3f/files/5bdec476ddb1f441ce5cef0c31478fcbbaa2fe76b75f5c533b15f2c80047df1d 200
[debug] [2022-07-14T19:56:08.481Z] <<< [apiv2][body] POST https://upload-firebasehosting.googleapis.com/upload/sites/school-14059/versions/d82f458ee2d93c3f/files/5bdec476ddb1f441ce5cef0c31478fcbbaa2fe76b75f5c533b15f2c80047df1d [stream]
[debug] [2022-07-14T19:56:08.482Z] <<< [apiv2][status] POST https://upload-firebasehosting.googleapis.com/upload/sites/school-14059/versions/d82f458ee2d93c3f/files/433b0b0a27cf400d99ede208a6f63fac85be12120c7bcf410296ac437c7527af 200
[debug] [2022-07-14T19:56:08.482Z] <<< [apiv2][body] POST https://upload-firebasehosting.googleapis.com/upload/sites/school-14059/versions/d82f458ee2d93c3f/files/433b0b0a27cf400d99ede208a6f63fac85be12120c7bcf410296ac437c7527af [stream]
[debug] [2022-07-14T19:56:08.482Z] <<< [apiv2][status] POST https://upload-firebasehosting.googleapis.com/upload/sites/school-14059/versions/d82f458ee2d93c3f/files/5b564b7706dace1d952dfce72a75f634a16a6556cb6515b29fd94047cf4b10d0 200
[debug] [2022-07-14T19:56:08.482Z] <<< [apiv2][body] POST https://upload-firebasehosting.googleapis.com/upload/sites/school-14059/versions/d82f458ee2d93c3f/files/5b564b7706dace1d952dfce72a75f634a16a6556cb6515b29fd94047cf4b10d0 [stream]
[debug] [2022-07-14T19:56:08.483Z] <<< [apiv2][status] POST https://upload-firebasehosting.googleapis.com/upload/sites/school-14059/versions/d82f458ee2d93c3f/files/ebfd073d3593fa995002e1c74702b68c4fbe13602631b2aef0dcb18390f9602f 200
[debug] [2022-07-14T19:56:08.483Z] <<< [apiv2][body] POST https://upload-firebasehosting.googleapis.com/upload/sites/school-14059/versions/d82f458ee2d93c3f/files/ebfd073d3593fa995002e1c74702b68c4fbe13602631b2aef0dcb18390f9602f [stream]
[debug] [2022-07-14T19:56:08.484Z] <<< [apiv2][status] POST https://upload-firebasehosting.googleapis.com/upload/sites/school-14059/versions/d82f458ee2d93c3f/files/c222f50d9ca56403be048f00b8729ce673f09d170ba9937da1bbdb57fe3dcc5f 200
[debug] [2022-07-14T19:56:08.484Z] <<< [apiv2][body] POST https://upload-firebasehosting.googleapis.com/upload/sites/school-14059/versions/d82f458ee2d93c3f/files/c222f50d9ca56403be048f00b8729ce673f09d170ba9937da1bbdb57fe3dcc5f [stream]
[debug] [2022-07-14T19:56:08.484Z] <<< [apiv2][status] POST https://upload-firebasehosting.googleapis.com/upload/sites/school-14059/versions/d82f458ee2d93c3f/files/7f358bb2cd3ecf59ee16d22d64b2dd7cc759e0222667e03fc6d8d0d309157948 200
[debug] [2022-07-14T19:56:08.484Z] <<< [apiv2][body] POST https://upload-firebasehosting.googleapis.com/upload/sites/school-14059/versions/d82f458ee2d93c3f/files/7f358bb2cd3ecf59ee16d22d64b2dd7cc759e0222667e03fc6d8d0d309157948 [stream]
[debug] [2022-07-14T19:56:08.604Z] <<< [apiv2][status] POST https://upload-firebasehosting.googleapis.com/upload/sites/school-14059/versions/d82f458ee2d93c3f/files/278580f4b6bd257300d0824354d03700d3b0d35b797f87bc13caaa152955c804 200
[debug] [2022-07-14T19:56:08.605Z] <<< [apiv2][body] POST https://upload-firebasehosting.googleapis.com/upload/sites/school-14059/versions/d82f458ee2d93c3f/files/278580f4b6bd257300d0824354d03700d3b0d35b797f87bc13caaa152955c804 [stream]
[debug] [2022-07-14T19:56:08.612Z] <<< [apiv2][status] POST https://upload-firebasehosting.googleapis.com/upload/sites/school-14059/versions/d82f458ee2d93c3f/files/50c067c40ff42d0f90bc837e0f1b0f13e10bbd29b0b86b9c04b6588d10c9b503 200
[debug] [2022-07-14T19:56:08.612Z] <<< [apiv2][body] POST https://upload-firebasehosting.googleapis.com/upload/sites/school-14059/versions/d82f458ee2d93c3f/files/50c067c40ff42d0f90bc837e0f1b0f13e10bbd29b0b86b9c04b6588d10c9b503 [stream]
[debug] [2022-07-14T19:56:08.635Z] <<< [apiv2][status] POST https://upload-firebasehosting.googleapis.com/upload/sites/school-14059/versions/d82f458ee2d93c3f/files/a49080385b2324a4c32e699da8690cb47985d64ee030e54ea51a0fd860449ee6 200
[debug] [2022-07-14T19:56:08.635Z] <<< [apiv2][body] POST https://upload-firebasehosting.googleapis.com/upload/sites/school-14059/versions/d82f458ee2d93c3f/files/a49080385b2324a4c32e699da8690cb47985d64ee030e54ea51a0fd860449ee6 [stream]
[debug] [2022-07-14T19:56:09.196Z] <<< [apiv2][status] POST https://upload-firebasehosting.googleapis.com/upload/sites/school-14059/versions/d82f458ee2d93c3f/files/c3332f35dc3b7601afb48375c16fbbfcca190f779eeaaec1be7ecfc349710c3c 200
[debug] [2022-07-14T19:56:09.196Z] <<< [apiv2][body] POST https://upload-firebasehosting.googleapis.com/upload/sites/school-14059/versions/d82f458ee2d93c3f/files/c3332f35dc3b7601afb48375c16fbbfcca190f779eeaaec1be7ecfc349710c3c [stream]
[debug] [2022-07-14T19:56:09.197Z] [hosting][upload queue][FINAL] {"max":1962,"min":1246,"avg":1350.1818181818182,"active":0,"complete":11,"success":11,"errored":0,"retried":0,"total":11,"elapsed":1964}
[info] ✔  hosting[school-14059]: file upload complete 
[debug] [2022-07-14T19:56:09.197Z] [hosting] deploy completed after 3684ms
[debug] [2022-07-14T19:56:09.198Z] [
  {
    "config": {
      "public": "dist",
      "ignore": [
        "firebase.json",
        "**/.*",
        "**/node_modules/**"
      ],
      "redirects": [
        {
          "source": "/classroom1",
          "destination": "/",
          "type": 301
        },
        {
          "source": "/classroom2",
          "destination": "/",
          "type": 301
        },
        {
          "source": "/classroom1/exercise1",
          "destination": "/",
          "type": 301
        },
        {
          "source": "/classroom1/exercise2",
          "destination": "/",
          "type": 301
        },
        {
          "source": "/classroom1/exercise3",
          "destination": "/",
          "type": 301
        },
        {
          "source": "/classroom1/exercise4",
          "destination": "/",
          "type": 301
        },
        {
          "source": "/home",
          "destination": "/",
          "type": 301
        }
      ],
      "site": "school-14059"
    },
    "site": "school-14059",
    "version": "projects/1091673177775/sites/school-14059/versions/d82f458ee2d93c3f"
  }
]
[info] i  hosting[school-14059]: finalizing version... 
[debug] [2022-07-14T19:56:09.199Z] >>> [apiv2][query] PATCH https://firebasehosting.googleapis.com/v1beta1/projects/1091673177775/sites/school-14059/versions/d82f458ee2d93c3f updateMask=status%2Cconfig
[debug] [2022-07-14T19:56:09.199Z] >>> [apiv2][body] PATCH https://firebasehosting.googleapis.com/v1beta1/projects/1091673177775/sites/school-14059/versions/d82f458ee2d93c3f {"status":"FINALIZED","config":{"redirects":[{"glob":"/classroom1","location":"/","statusCode":301},{"glob":"/classroom2","location":"/","statusCode":301},{"glob":"/classroom1/exercise1","location":"/","statusCode":301},{"glob":"/classroom1/exercise2","location":"/","statusCode":301},{"glob":"/classroom1/exercise3","location":"/","statusCode":301},{"glob":"/classroom1/exercise4","location":"/","statusCode":301},{"glob":"/home","location":"/","statusCode":301}]}}
